<?xml version="1.0" encoding="UTF-8"?>
<!-- Generated by org.testng.reporters.JUnitXMLReporter -->
<testsuite hostname="IN-IT0962" ignored="0" name="Test" tests="1" failures="1" timestamp="14 Apr 2020 18:23:27 GMT" time="4.59" errors="0">
  <testcase name="feature" time="3.975" classname="cucumber.api.testng.AbstractTestNGCucumberTests">
    <failure type="cucumber.runtime.CucumberException" message="java.lang.AssertionError: expected [200] but found [500]">
      <![CDATA[cucumber.runtime.CucumberException: java.lang.AssertionError: expected [200] but found [500]
at cucumber.api.testng.TestNGCucumberRunner.runCucumber(TestNGCucumberRunner.java:69)
at cucumber.api.testng.AbstractTestNGCucumberTests.feature(AbstractTestNGCucumberTests.java:21)
Caused by: java.lang.AssertionError: expected [200] but found [500]
at Stepdefination.StudentStep.i_verify_status_code(StudentStep.java:34)
at âœ½.Then I verify status code 200(StudentApiTest.feature:27)
... Removed 31 stack frames]]>
    </failure>
  </testcase> <!-- feature -->
</testsuite> <!-- Test -->
